<?xml version="1.0" encoding="UTF-8"?>
<!-- Generated by org.testng.reporters.JUnitReportReporter -->
<testsuite hostname="wangxiaoqiang" name="com.template.ServiceImplTest.BrandServiceImplTest" tests="1" failures="0" timestamp="19 Nov 2015 09:38:12 GMT" time="5.550" errors="0">
  <testcase name="test2" time="5.550" classname="com.template.ServiceImplTest.BrandServiceImplTest"/>
</testsuite> <!-- com.template.ServiceImplTest.BrandServiceImplTest -->
